<?xml version="1.0" encoding="UTF-8"?>
<!-- Generated by org.testng.reporters.JUnitReportReporter -->
<testsuite hostname="DESKTOP-NK5J02L" failures="0" tests="6" name="groups.Test2" time="0.096" errors="0" timestamp="2024-03-25T12:59:14 IST" skipped="0">
  <testcase classname="groups.Test2" name="ram7" time="0.018"/>
  <testcase classname="groups.Test2" name="ram6" time="0.023"/>
  <testcase classname="groups.Test2" name="ram6" time="0.039"/>
  <testcase classname="groups.Test2" name="ram6" time="0.006"/>
  <testcase classname="groups.Test2" name="ram6" time="0.005"/>
  <testcase classname="groups.Test2" name="ram5" time="0.005"/>
</testsuite> <!-- groups.Test2 -->
