<?xml version="1.0" encoding="UTF-8"?>
<!-- Generated by org.testng.reporters.JUnitReportReporter -->
<testsuite hostname="DESKTOP-NK5J02L" failures="0" tests="1" name="Today.Parameter123" time="4.798" errors="0" timestamp="2024-03-25T12:43:45 IST" skipped="0">
  <testcase classname="Today.Parameter123" name="parameter" time="4.798"/>
</testsuite> <!-- Today.Parameter123 -->
