<?xml version="1.0" encoding="UTF-8"?>
<!-- Generated by org.testng.reporters.JUnitReportReporter -->
<testsuite hostname="DESKTOP-NK5J02L" failures="0" tests="1" name="zzzzzzzzzzzzzzzzzzztest12.Parellel3" time="0.014" errors="0" timestamp="2024-03-24T16:25:13 IST" skipped="0">
  <testcase classname="zzzzzzzzzzzzzzzzzzztest12.Parellel3" name="test10" time="0.014"/>
</testsuite> <!-- zzzzzzzzzzzzzzzzzzztest12.Parellel3 -->
