<?xml version="1.0" encoding="UTF-8"?>
<!-- Generated by org.testng.reporters.JUnitReportReporter -->
<testsuite hostname="DESKTOP-NK5J02L" failures="0" tests="1" name="seleniumpractice.Windowhandles" time="26.878" errors="0" timestamp="2024-03-24T17:39:31 IST" skipped="0">
  <testcase classname="seleniumpractice.Windowhandles" name="window" time="26.878"/>
</testsuite> <!-- seleniumpractice.Windowhandles -->
