<?xml version="1.0" encoding="UTF-8"?>
<!-- Generated by org.testng.reporters.JUnitReportReporter -->
<testsuite hostname="DESKTOP-NK5J02L" failures="0" tests="6" name="groups.Test1" time="0.109" errors="0" timestamp="2024-03-25T12:59:14 IST" skipped="0">
  <testcase classname="groups.Test1" name="ram2" time="0.016"/>
  <testcase classname="groups.Test1" name="ram3" time="0.015"/>
  <testcase classname="groups.Test1" name="ram2" time="0.019"/>
  <testcase classname="groups.Test1" name="ram2" time="0.009"/>
  <testcase classname="groups.Test1" name="ram2" time="0.020"/>
  <testcase classname="groups.Test1" name="ram1" time="0.030"/>
</testsuite> <!-- groups.Test1 -->
